{"C:\\Users\\HP\\Desktop\\Development\\microservice\\distributed-notification-system\\user-service\\src\\app.controller.ts": {"path":"C:\\Users\\HP\\Desktop\\Development\\microservice\\distributed-notification-system\\user-service\\src\\app.controller.ts","statementMap":{"0":{"start":{"line":14,"column":0},"end":{"line":14,"column":49}},"1":{"start":{"line":15,"column":0},"end":{"line":15,"column":51}},"2":{"start":{"line":16,"column":0},"end":{"line":16,"column":37}},"3":{"start":{"line":19,"column":7},"end":{"line":33,"column":null}},"4":{"start":{"line":20,"column":42},"end":{"line":20,"column":54}},"5":{"start":{"line":24,"column":22},"end":{"line":24,"column":49}},"6":{"start":{"line":26,"column":4},"end":{"line":31,"column":6}},"7":{"start":{"line":19,"column":13},"end":{"line":19,"column":26}},"8":{"start":{"line":23,"column":8},"end":{"line":32,"column":null}},"9":{"start":{"line":19,"column":13},"end":{"line":33,"column":null}}},"fnMap":{"0":{"name":"(anonymous_4)","decl":{"start":{"line":20,"column":2},"end":{"line":20,"column":15}},"loc":{"start":{"line":20,"column":64},"end":{"line":20,"column":68}}},"1":{"name":"(anonymous_5)","decl":{"start":{"line":23,"column":8},"end":{"line":23,"column":14}},"loc":{"start":{"line":23,"column":14},"end":{"line":32,"column":3}}}},"branchMap":{"0":{"loc":{"start":{"line":27,"column":14},"end":{"line":27,"column":49}},"type":"cond-expr","locations":[{"start":{"line":27,"column":26},"end":{"line":27,"column":35}},{"start":{"line":27,"column":38},"end":{"line":27,"column":49}}]},"1":{"loc":{"start":{"line":30,"column":16},"end":{"line":30,"column":56}},"type":"cond-expr","locations":[{"start":{"line":30,"column":28},"end":{"line":30,"column":39}},{"start":{"line":30,"column":42},"end":{"line":30,"column":56}}]},"2":{"loc":{"start":{"line":20,"column":54},"end":{"line":20,"column":67}},"type":"cond-expr","locations":[{"start":{"line":20,"column":64},"end":{"line":20,"column":67}},{"start":{"line":20,"column":64},"end":{"line":20,"column":67}}]},"3":{"loc":{"start":{"line":20,"column":54},"end":{"line":20,"column":64}},"type":"binary-expr","locations":[{"start":{"line":20,"column":54},"end":{"line":20,"column":67}},{"start":{"line":20,"column":54},"end":{"line":20,"column":64}}]}},"s":{"0":0,"1":0,"2":0,"3":0,"4":0,"5":0,"6":0,"7":0,"8":0,"9":0},"f":{"0":0,"1":0},"b":{"0":[0,0],"1":[0,0],"2":[0,0],"3":[0,0]}}
,"C:\\Users\\HP\\Desktop\\Development\\microservice\\distributed-notification-system\\user-service\\src\\app.module.ts": {"path":"C:\\Users\\HP\\Desktop\\Development\\microservice\\distributed-notification-system\\user-service\\src\\app.module.ts","statementMap":{"0":{"start":{"line":1,"column":0},"end":{"line":1,"column":40}},"1":{"start":{"line":2,"column":0},"end":{"line":2,"column":46}},"2":{"start":{"line":3,"column":0},"end":{"line":3,"column":48}},"3":{"start":{"line":4,"column":0},"end":{"line":4,"column":52}},"4":{"start":{"line":6,"column":0},"end":{"line":6,"column":51}},"5":{"start":{"line":7,"column":0},"end":{"line":7,"column":48}},"6":{"start":{"line":8,"column":0},"end":{"line":8,"column":54}},"7":{"start":{"line":9,"column":0},"end":{"line":9,"column":49}},"8":{"start":{"line":54,"column":7},"end":{"line":54,"column":null}},"9":{"start":{"line":54,"column":13},"end":{"line":54,"column":22}},"10":{"start":{"line":54,"column":13},"end":{"line":54,"column":null}}},"fnMap":{},"branchMap":{"0":{"loc":{"start":{"line":24,"column":21},"end":{"line":24,"column":50}},"type":"binary-expr","locations":[{"start":{"line":24,"column":21},"end":{"line":24,"column":40}},{"start":{"line":24,"column":44},"end":{"line":24,"column":50}}]}},"s":{"0":0,"1":0,"2":0,"3":0,"4":0,"5":0,"6":0,"7":0,"8":0,"9":0,"10":0},"f":{},"b":{"0":[0,0]}}
,"C:\\Users\\HP\\Desktop\\Development\\microservice\\distributed-notification-system\\user-service\\src\\app.service.ts": {"path":"C:\\Users\\HP\\Desktop\\Development\\microservice\\distributed-notification-system\\user-service\\src\\app.service.ts","statementMap":{"0":{"start":{"line":1,"column":0},"end":{"line":1,"column":44}},"1":{"start":{"line":4,"column":7},"end":{"line":8,"column":null}},"2":{"start":{"line":6,"column":4},"end":{"line":6,"column":26}},"3":{"start":{"line":4,"column":13},"end":{"line":4,"column":23}},"4":{"start":{"line":4,"column":13},"end":{"line":8,"column":null}}},"fnMap":{"0":{"name":"(anonymous_1)","decl":{"start":{"line":5,"column":2},"end":{"line":5,"column":10}},"loc":{"start":{"line":5,"column":10},"end":{"line":7,"column":3}}}},"branchMap":{},"s":{"0":0,"1":0,"2":0,"3":0,"4":0},"f":{"0":0},"b":{}}
,"C:\\Users\\HP\\Desktop\\Development\\microservice\\distributed-notification-system\\user-service\\src\\main.ts": {"path":"C:\\Users\\HP\\Desktop\\Development\\microservice\\distributed-notification-system\\user-service\\src\\main.ts","statementMap":{"0":{"start":{"line":1,"column":0},"end":{"line":1,"column":43}},"1":{"start":{"line":2,"column":0},"end":{"line":2,"column":48}},"2":{"start":{"line":3,"column":0},"end":{"line":3,"column":65}},"3":{"start":{"line":4,"column":0},"end":{"line":4,"column":83}},"4":{"start":{"line":5,"column":0},"end":{"line":5,"column":41}},"5":{"start":{"line":8,"column":14},"end":{"line":8,"column":49}},"6":{"start":{"line":10,"column":2},"end":{"line":15,"column":4}},"7":{"start":{"line":17,"column":2},"end":{"line":17,"column":56}},"8":{"start":{"line":19,"column":2},"end":{"line":19,"column":19}},"9":{"start":{"line":22,"column":17},"end":{"line":37,"column":12}},"10":{"start":{"line":39,"column":19},"end":{"line":39,"column":60}},"11":{"start":{"line":40,"column":2},"end":{"line":40,"column":49}},"12":{"start":{"line":42,"column":15},"end":{"line":42,"column":39}},"13":{"start":{"line":43,"column":2},"end":{"line":43,"column":25}},"14":{"start":{"line":44,"column":2},"end":{"line":44,"column":66}},"15":{"start":{"line":45,"column":2},"end":{"line":45,"column":64}},"16":{"start":{"line":47,"column":0},"end":{"line":47,"column":12}}},"fnMap":{"0":{"name":"bootstrap","decl":{"start":{"line":7,"column":15},"end":{"line":7,"column":24}},"loc":{"start":{"line":7,"column":24},"end":{"line":46,"column":1}}}},"branchMap":{"0":{"loc":{"start":{"line":42,"column":15},"end":{"line":42,"column":39}},"type":"binary-expr","locations":[{"start":{"line":42,"column":15},"end":{"line":42,"column":31}},{"start":{"line":42,"column":35},"end":{"line":42,"column":39}}]}},"s":{"0":0,"1":0,"2":0,"3":0,"4":0,"5":0,"6":0,"7":0,"8":0,"9":0,"10":0,"11":0,"12":0,"13":0,"14":0,"15":0,"16":0},"f":{"0":0},"b":{"0":[0,0]}}
,"C:\\Users\\HP\\Desktop\\Development\\microservice\\distributed-notification-system\\user-service\\src\\auth\\auth.contoller.ts": {"path":"C:\\Users\\HP\\Desktop\\Development\\microservice\\distributed-notification-system\\user-service\\src\\auth\\auth.contoller.ts","statementMap":{"0":{"start":{"line":1,"column":0},"end":{"line":1,"column":56}},"1":{"start":{"line":2,"column":0},"end":{"line":2,"column":45}},"2":{"start":{"line":3,"column":0},"end":{"line":3,"column":52}},"3":{"start":{"line":7,"column":2},"end":{"line":7,"column":null}},"4":{"start":{"line":10,"column":2},"end":{"line":10,"column":null}},"5":{"start":{"line":14,"column":7},"end":{"line":30,"column":null}},"6":{"start":{"line":15,"column":22},"end":{"line":15,"column":35}},"7":{"start":{"line":19,"column":19},"end":{"line":21,"column":null}},"8":{"start":{"line":24,"column":4},"end":{"line":28,"column":6}},"9":{"start":{"line":14,"column":13},"end":{"line":14,"column":27}},"10":{"start":{"line":18,"column":8},"end":{"line":29,"column":null}},"11":{"start":{"line":14,"column":13},"end":{"line":30,"column":null}}},"fnMap":{"0":{"name":"(anonymous_4)","decl":{"start":{"line":15,"column":2},"end":{"line":15,"column":22}},"loc":{"start":{"line":15,"column":46},"end":{"line":15,"column":50}}},"1":{"name":"(anonymous_5)","decl":{"start":{"line":18,"column":8},"end":{"line":18,"column":13}},"loc":{"start":{"line":18,"column":40},"end":{"line":29,"column":3}}}},"branchMap":{"0":{"loc":{"start":{"line":15,"column":35},"end":{"line":15,"column":49}},"type":"cond-expr","locations":[{"start":{"line":15,"column":46},"end":{"line":15,"column":49}},{"start":{"line":15,"column":46},"end":{"line":15,"column":49}}]},"1":{"loc":{"start":{"line":15,"column":35},"end":{"line":15,"column":46}},"type":"binary-expr","locations":[{"start":{"line":15,"column":35},"end":{"line":15,"column":49}},{"start":{"line":15,"column":35},"end":{"line":15,"column":46}}]}},"s":{"0":0,"1":0,"2":0,"3":0,"4":0,"5":0,"6":0,"7":0,"8":0,"9":0,"10":0,"11":0},"f":{"0":0,"1":0},"b":{"0":[0,0],"1":[0,0]}}
,"C:\\Users\\HP\\Desktop\\Development\\microservice\\distributed-notification-system\\user-service\\src\\auth\\auth.module.ts": {"path":"C:\\Users\\HP\\Desktop\\Development\\microservice\\distributed-notification-system\\user-service\\src\\auth\\auth.module.ts","statementMap":{"0":{"start":{"line":1,"column":0},"end":{"line":1,"column":40}},"1":{"start":{"line":2,"column":0},"end":{"line":2,"column":40}},"2":{"start":{"line":3,"column":0},"end":{"line":3,"column":50}},"3":{"start":{"line":4,"column":0},"end":{"line":4,"column":61}},"4":{"start":{"line":5,"column":0},"end":{"line":5,"column":45}},"5":{"start":{"line":6,"column":0},"end":{"line":6,"column":50}},"6":{"start":{"line":7,"column":0},"end":{"line":7,"column":52}},"7":{"start":{"line":8,"column":0},"end":{"line":8,"column":56}},"8":{"start":{"line":36,"column":7},"end":{"line":36,"column":null}},"9":{"start":{"line":36,"column":13},"end":{"line":36,"column":23}},"10":{"start":{"line":36,"column":13},"end":{"line":36,"column":null}},"11":{"start":{"line":18,"column":26},"end":{"line":18,"column":65}},"12":{"start":{"line":20,"column":10},"end":{"line":20,"column":61}},"13":{"start":{"line":22,"column":8},"end":{"line":22,"column":49}},"14":{"start":{"line":23,"column":8},"end":{"line":23,"column":58}},"15":{"start":{"line":25,"column":8},"end":{"line":28,"column":10}}},"fnMap":{"0":{"name":"(anonymous_1)","decl":{"start":{"line":17,"column":18},"end":{"line":17,"column":19}},"loc":{"start":{"line":17,"column":51},"end":{"line":29,"column":7}}}},"branchMap":{"0":{"loc":{"start":{"line":20,"column":10},"end":{"line":20,"column":61}},"type":"binary-expr","locations":[{"start":{"line":20,"column":10},"end":{"line":20,"column":53}},{"start":{"line":20,"column":57},"end":{"line":20,"column":61}}]}},"s":{"0":0,"1":0,"2":0,"3":0,"4":0,"5":0,"6":0,"7":0,"8":0,"9":0,"10":0,"11":0,"12":0,"13":0,"14":0,"15":0},"f":{"0":0},"b":{"0":[0,0]}}
,"C:\\Users\\HP\\Desktop\\Development\\microservice\\distributed-notification-system\\user-service\\src\\auth\\auth.service.ts": {"path":"C:\\Users\\HP\\Desktop\\Development\\microservice\\distributed-notification-system\\user-service\\src\\auth\\auth.service.ts","statementMap":{"0":{"start":{"line":1,"column":0},"end":{"line":1,"column":67}},"1":{"start":{"line":2,"column":0},"end":{"line":2,"column":41}},"2":{"start":{"line":3,"column":0},"end":{"line":3,"column":54}},"3":{"start":{"line":4,"column":0},"end":{"line":4,"column":33}},"4":{"start":{"line":7,"column":7},"end":{"line":39,"column":null}},"5":{"start":{"line":9,"column":12},"end":{"line":9,"column":26}},"6":{"start":{"line":10,"column":12},"end":{"line":10,"column":24}},"7":{"start":{"line":14,"column":17},"end":{"line":14,"column":59}},"8":{"start":{"line":16,"column":4},"end":{"line":18,"column":5}},"9":{"start":{"line":17,"column":6},"end":{"line":17,"column":61}},"10":{"start":{"line":20,"column":28},"end":{"line":20,"column":73}},"11":{"start":{"line":22,"column":4},"end":{"line":24,"column":5}},"12":{"start":{"line":23,"column":6},"end":{"line":23,"column":61}},"13":{"start":{"line":26,"column":39},"end":{"line":26,"column":43}},"14":{"start":{"line":27,"column":4},"end":{"line":27,"column":18}},"15":{"start":{"line":31,"column":17},"end":{"line":31,"column":57}},"16":{"start":{"line":32,"column":20},"end":{"line":32,"column":55}},"17":{"start":{"line":34,"column":4},"end":{"line":37,"column":6}},"18":{"start":{"line":7,"column":13},"end":{"line":7,"column":24}},"19":{"start":{"line":7,"column":13},"end":{"line":39,"column":null}}},"fnMap":{"0":{"name":"(anonymous_11)","decl":{"start":{"line":8,"column":2},"end":{"line":8,"column":null}},"loc":{"start":{"line":10,"column":34},"end":{"line":11,"column":6}}},"1":{"name":"(anonymous_12)","decl":{"start":{"line":13,"column":2},"end":{"line":13,"column":7}},"loc":{"start":{"line":13,"column":52},"end":{"line":28,"column":3}}},"2":{"name":"(anonymous_13)","decl":{"start":{"line":30,"column":2},"end":{"line":30,"column":7}},"loc":{"start":{"line":30,"column":45},"end":{"line":38,"column":3}}}},"branchMap":{"0":{"loc":{"start":{"line":16,"column":4},"end":{"line":18,"column":5}},"type":"if","locations":[{"start":{"line":16,"column":4},"end":{"line":18,"column":5}},{"start":{},"end":{}}]},"1":{"loc":{"start":{"line":22,"column":4},"end":{"line":24,"column":5}},"type":"if","locations":[{"start":{"line":22,"column":4},"end":{"line":24,"column":5}},{"start":{},"end":{}}]},"2":{"loc":{"start":{"line":9,"column":26},"end":{"line":9,"column":null}},"type":"cond-expr","locations":[{"start":{"line":9,"column":38},"end":{"line":9,"column":null}},{"start":{"line":9,"column":38},"end":{"line":9,"column":null}}]},"3":{"loc":{"start":{"line":9,"column":26},"end":{"line":9,"column":38}},"type":"binary-expr","locations":[{"start":{"line":9,"column":26},"end":{"line":9,"column":null}},{"start":{"line":9,"column":26},"end":{"line":9,"column":38}}]},"4":{"loc":{"start":{"line":9,"column":38},"end":{"line":10,"column":null}},"type":"cond-expr","locations":[{"start":{"line":10,"column":34},"end":{"line":10,"column":null}},{"start":{"line":10,"column":34},"end":{"line":10,"column":null}}]},"5":{"loc":{"start":{"line":9,"column":38},"end":{"line":10,"column":34}},"type":"binary-expr","locations":[{"start":{"line":9,"column":38},"end":{"line":10,"column":null}},{"start":{"line":10,"column":24},"end":{"line":10,"column":34}}]}},"s":{"0":0,"1":0,"2":0,"3":0,"4":0,"5":0,"6":0,"7":0,"8":0,"9":0,"10":0,"11":0,"12":0,"13":0,"14":0,"15":0,"16":0,"17":0,"18":0,"19":0},"f":{"0":0,"1":0,"2":0},"b":{"0":[0,0],"1":[0,0],"2":[0,0],"3":[0,0],"4":[0,0],"5":[0,0]}}
,"C:\\Users\\HP\\Desktop\\Development\\microservice\\distributed-notification-system\\user-service\\src\\auth\\guards\\jwt-auth.guard.ts": {"path":"C:\\Users\\HP\\Desktop\\Development\\microservice\\distributed-notification-system\\user-service\\src\\auth\\guards\\jwt-auth.guard.ts","statementMap":{"0":{"start":{"line":1,"column":0},"end":{"line":1,"column":44}},"1":{"start":{"line":2,"column":0},"end":{"line":2,"column":45}},"2":{"start":{"line":5,"column":7},"end":{"line":5,"column":null}},"3":{"start":{"line":5,"column":13},"end":{"line":5,"column":25}},"4":{"start":{"line":5,"column":13},"end":{"line":5,"column":null}}},"fnMap":{},"branchMap":{},"s":{"0":0,"1":0,"2":0,"3":0,"4":0},"f":{},"b":{}}
,"C:\\Users\\HP\\Desktop\\Development\\microservice\\distributed-notification-system\\user-service\\src\\auth\\strategies\\jwt.strategy.ts": {"path":"C:\\Users\\HP\\Desktop\\Development\\microservice\\distributed-notification-system\\user-service\\src\\auth\\strategies\\jwt.strategy.ts","statementMap":{"0":{"start":{"line":1,"column":0},"end":{"line":1,"column":44}},"1":{"start":{"line":2,"column":0},"end":{"line":2,"column":47}},"2":{"start":{"line":3,"column":0},"end":{"line":3,"column":52}},"3":{"start":{"line":4,"column":0},"end":{"line":4,"column":52}},"4":{"start":{"line":7,"column":7},"end":{"line":22,"column":null}},"5":{"start":{"line":9,"column":22},"end":{"line":9,"column":61}},"6":{"start":{"line":10,"column":4},"end":{"line":10,"column":59}},"7":{"start":{"line":12,"column":4},"end":{"line":16,"column":7}},"8":{"start":{"line":8,"column":22},"end":{"line":8,"column":37}},"9":{"start":{"line":20,"column":4},"end":{"line":20,"column":57}},"10":{"start":{"line":7,"column":13},"end":{"line":7,"column":24}},"11":{"start":{"line":7,"column":13},"end":{"line":22,"column":null}}},"fnMap":{"0":{"name":"(anonymous_2)","decl":{"start":{"line":8,"column":2},"end":{"line":8,"column":22}},"loc":{"start":{"line":8,"column":50},"end":{"line":17,"column":3}}},"1":{"name":"(anonymous_3)","decl":{"start":{"line":19,"column":2},"end":{"line":19,"column":7}},"loc":{"start":{"line":19,"column":29},"end":{"line":21,"column":3}}}},"branchMap":{"0":{"loc":{"start":{"line":8,"column":37},"end":{"line":8,"column":null}},"type":"cond-expr","locations":[{"start":{"line":8,"column":50},"end":{"line":8,"column":null}},{"start":{"line":8,"column":50},"end":{"line":8,"column":null}}]},"1":{"loc":{"start":{"line":8,"column":37},"end":{"line":8,"column":50}},"type":"binary-expr","locations":[{"start":{"line":8,"column":37},"end":{"line":8,"column":null}},{"start":{"line":8,"column":37},"end":{"line":8,"column":50}}]}},"s":{"0":0,"1":0,"2":0,"3":0,"4":0,"5":0,"6":0,"7":0,"8":0,"9":0,"10":0,"11":0},"f":{"0":0,"1":0},"b":{"0":[0,0],"1":[0,0]}}
,"C:\\Users\\HP\\Desktop\\Development\\microservice\\distributed-notification-system\\user-service\\src\\common\\interceptors\\transform.interceptor.ts": {"path":"C:\\Users\\HP\\Desktop\\Development\\microservice\\distributed-notification-system\\user-service\\src\\common\\interceptors\\transform.interceptor.ts","statementMap":{"0":{"start":{"line":1,"column":0},"end":{"line":1,"column":null}},"1":{"start":{"line":8,"column":0},"end":{"line":8,"column":37}},"2":{"start":{"line":28,"column":7},"end":{"line":51,"column":null}},"3":{"start":{"line":35,"column":4},"end":{"line":49,"column":6}},"4":{"start":{"line":38,"column":8},"end":{"line":40,"column":9}},"5":{"start":{"line":39,"column":10},"end":{"line":39,"column":22}},"6":{"start":{"line":43,"column":8},"end":{"line":47,"column":10}},"7":{"start":{"line":28,"column":13},"end":{"line":28,"column":33}},"8":{"start":{"line":28,"column":13},"end":{"line":51,"column":null}}},"fnMap":{"0":{"name":"(anonymous_1)","decl":{"start":{"line":31,"column":2},"end":{"line":31,"column":11}},"loc":{"start":{"line":33,"column":21},"end":{"line":50,"column":3}}},"1":{"name":"(anonymous_2)","decl":{"start":{"line":36,"column":10},"end":{"line":36,"column":11}},"loc":{"start":{"line":36,"column":19},"end":{"line":48,"column":7}}}},"branchMap":{"0":{"loc":{"start":{"line":38,"column":8},"end":{"line":40,"column":9}},"type":"if","locations":[{"start":{"line":38,"column":8},"end":{"line":40,"column":9}},{"start":{},"end":{}}]},"1":{"loc":{"start":{"line":38,"column":12},"end":{"line":38,"column":65}},"type":"binary-expr","locations":[{"start":{"line":38,"column":12},"end":{"line":38,"column":16}},{"start":{"line":38,"column":20},"end":{"line":38,"column":44}},{"start":{"line":38,"column":48},"end":{"line":38,"column":65}}]}},"s":{"0":0,"1":0,"2":0,"3":0,"4":0,"5":0,"6":0,"7":0,"8":0},"f":{"0":0,"1":0},"b":{"0":[0,0],"1":[0,0,0]}}
,"C:\\Users\\HP\\Desktop\\Development\\microservice\\distributed-notification-system\\user-service\\src\\common\\interfaces\\response.interface.ts": {"path":"C:\\Users\\HP\\Desktop\\Development\\microservice\\distributed-notification-system\\user-service\\src\\common\\interfaces\\response.interface.ts","statementMap":{"0":{"start":{"line":24,"column":0},"end":{"line":24,"column":16}},"1":{"start":{"line":37,"column":0},"end":{"line":37,"column":16}},"2":{"start":{"line":29,"column":2},"end":{"line":34,"column":4}},"3":{"start":{"line":41,"column":2},"end":{"line":45,"column":4}}},"fnMap":{"0":{"name":"createResponse","decl":{"start":{"line":24,"column":16},"end":{"line":24,"column":30}},"loc":{"start":{"line":27,"column":23},"end":{"line":35,"column":1}}},"1":{"name":"createErrorResponse","decl":{"start":{"line":37,"column":16},"end":{"line":37,"column":35}},"loc":{"start":{"line":39,"column":16},"end":{"line":46,"column":1}}}},"branchMap":{},"s":{"0":0,"1":0,"2":0,"3":0},"f":{"0":0,"1":0},"b":{}}
,"C:\\Users\\HP\\Desktop\\Development\\microservice\\distributed-notification-system\\user-service\\src\\config\\database.config.ts": {"path":"C:\\Users\\HP\\Desktop\\Development\\microservice\\distributed-notification-system\\user-service\\src\\config\\database.config.ts","statementMap":{"0":{"start":{"line":1,"column":0},"end":{"line":1,"column":44}},"1":{"start":{"line":3,"column":0},"end":{"line":13,"column":4}},"2":{"start":{"line":3,"column":45},"end":{"line":13,"column":2}}},"fnMap":{"0":{"name":"(anonymous_0)","decl":{"start":{"line":3,"column":38},"end":{"line":3,"column":41}},"loc":{"start":{"line":3,"column":45},"end":{"line":13,"column":2}}}},"branchMap":{"0":{"loc":{"start":{"line":5,"column":8},"end":{"line":5,"column":42}},"type":"binary-expr","locations":[{"start":{"line":5,"column":8},"end":{"line":5,"column":27}},{"start":{"line":5,"column":31},"end":{"line":5,"column":42}}]},"1":{"loc":{"start":{"line":7,"column":12},"end":{"line":7,"column":45}},"type":"binary-expr","locations":[{"start":{"line":7,"column":12},"end":{"line":7,"column":35}},{"start":{"line":7,"column":39},"end":{"line":7,"column":45}}]},"2":{"loc":{"start":{"line":8,"column":12},"end":{"line":8,"column":49}},"type":"binary-expr","locations":[{"start":{"line":8,"column":12},"end":{"line":8,"column":35}},{"start":{"line":8,"column":39},"end":{"line":8,"column":49}}]},"3":{"loc":{"start":{"line":9,"column":12},"end":{"line":9,"column":52}},"type":"binary-expr","locations":[{"start":{"line":9,"column":12},"end":{"line":9,"column":31}},{"start":{"line":9,"column":35},"end":{"line":9,"column":52}}]}},"s":{"0":0,"1":0,"2":0},"f":{"0":0},"b":{"0":[0,0],"1":[0,0],"2":[0,0],"3":[0,0]}}
,"C:\\Users\\HP\\Desktop\\Development\\microservice\\distributed-notification-system\\user-service\\src\\users\\users.controller.ts": {"path":"C:\\Users\\HP\\Desktop\\Development\\microservice\\distributed-notification-system\\user-service\\src\\users\\users.controller.ts","statementMap":{"0":{"start":{"line":102,"column":0},"end":{"line":102,"column":116}},"1":{"start":{"line":103,"column":0},"end":{"line":103,"column":94}},"2":{"start":{"line":104,"column":0},"end":{"line":104,"column":47}},"3":{"start":{"line":105,"column":0},"end":{"line":105,"column":54}},"4":{"start":{"line":106,"column":0},"end":{"line":106,"column":54}},"5":{"start":{"line":107,"column":0},"end":{"line":107,"column":61}},"6":{"start":{"line":111,"column":7},"end":{"line":215,"column":null}},"7":{"start":{"line":112,"column":31},"end":{"line":112,"column":45}},"8":{"start":{"line":120,"column":17},"end":{"line":120,"column":62}},"9":{"start":{"line":121,"column":36},"end":{"line":121,"column":40}},"10":{"start":{"line":123,"column":4},"end":{"line":127,"column":6}},"11":{"start":{"line":139,"column":19},"end":{"line":139,"column":63}},"12":{"start":{"line":141,"column":4},"end":{"line":145,"column":6}},"13":{"start":{"line":156,"column":17},"end":{"line":156,"column":52}},"14":{"start":{"line":158,"column":4},"end":{"line":162,"column":6}},"15":{"start":{"line":173,"column":24},"end":{"line":173,"column":70}},"16":{"start":{"line":175,"column":4},"end":{"line":179,"column":6}},"17":{"start":{"line":190,"column":17},"end":{"line":190,"column":66}},"18":{"start":{"line":191,"column":36},"end":{"line":191,"column":40}},"19":{"start":{"line":193,"column":4},"end":{"line":197,"column":6}},"20":{"start":{"line":208,"column":4},"end":{"line":208,"column":39}},"21":{"start":{"line":210,"column":4},"end":{"line":213,"column":6}},"22":{"start":{"line":111,"column":13},"end":{"line":111,"column":28}},"23":{"start":{"line":119,"column":8},"end":{"line":128,"column":null}},"24":{"start":{"line":138,"column":8},"end":{"line":146,"column":null}},"25":{"start":{"line":155,"column":8},"end":{"line":163,"column":null}},"26":{"start":{"line":172,"column":8},"end":{"line":180,"column":null}},"27":{"start":{"line":189,"column":8},"end":{"line":198,"column":null}},"28":{"start":{"line":207,"column":8},"end":{"line":214,"column":null}},"29":{"start":{"line":111,"column":13},"end":{"line":215,"column":null}}},"fnMap":{"0":{"name":"(anonymous_4)","decl":{"start":{"line":112,"column":2},"end":{"line":112,"column":31}},"loc":{"start":{"line":112,"column":57},"end":{"line":112,"column":61}}},"1":{"name":"(anonymous_5)","decl":{"start":{"line":119,"column":8},"end":{"line":119,"column":14}},"loc":{"start":{"line":119,"column":51},"end":{"line":128,"column":3}}},"2":{"name":"(anonymous_6)","decl":{"start":{"line":138,"column":8},"end":{"line":138,"column":15}},"loc":{"start":{"line":138,"column":83},"end":{"line":146,"column":3}}},"3":{"name":"(anonymous_7)","decl":{"start":{"line":155,"column":8},"end":{"line":155,"column":15}},"loc":{"start":{"line":155,"column":54},"end":{"line":163,"column":3}}},"4":{"name":"(anonymous_8)","decl":{"start":{"line":172,"column":8},"end":{"line":172,"column":22}},"loc":{"start":{"line":172,"column":61},"end":{"line":180,"column":3}}},"5":{"name":"(anonymous_9)","decl":{"start":{"line":189,"column":8},"end":{"line":189,"column":14}},"loc":{"start":{"line":189,"column":91},"end":{"line":198,"column":3}}},"6":{"name":"(anonymous_10)","decl":{"start":{"line":207,"column":8},"end":{"line":207,"column":14}},"loc":{"start":{"line":207,"column":53},"end":{"line":214,"column":3}}}},"branchMap":{"0":{"loc":{"start":{"line":138,"column":31},"end":{"line":138,"column":47}},"type":"default-arg","locations":[{"start":{"line":138,"column":46},"end":{"line":138,"column":47}}]},"1":{"loc":{"start":{"line":138,"column":65},"end":{"line":138,"column":83}},"type":"default-arg","locations":[{"start":{"line":138,"column":81},"end":{"line":138,"column":83}}]},"2":{"loc":{"start":{"line":119,"column":38},"end":{"line":119,"column":null}},"type":"cond-expr","locations":[{"start":{"line":119,"column":51},"end":{"line":119,"column":null}},{"start":{"line":119,"column":51},"end":{"line":119,"column":null}}]},"3":{"loc":{"start":{"line":119,"column":38},"end":{"line":119,"column":51}},"type":"binary-expr","locations":[{"start":{"line":119,"column":38},"end":{"line":119,"column":null}},{"start":{"line":119,"column":38},"end":{"line":119,"column":51}}]},"4":{"loc":{"start":{"line":189,"column":78},"end":{"line":189,"column":null}},"type":"cond-expr","locations":[{"start":{"line":189,"column":91},"end":{"line":189,"column":null}},{"start":{"line":189,"column":91},"end":{"line":189,"column":null}}]},"5":{"loc":{"start":{"line":189,"column":78},"end":{"line":189,"column":91}},"type":"binary-expr","locations":[{"start":{"line":189,"column":78},"end":{"line":189,"column":null}},{"start":{"line":189,"column":78},"end":{"line":189,"column":91}}]},"6":{"loc":{"start":{"line":112,"column":45},"end":{"line":112,"column":60}},"type":"cond-expr","locations":[{"start":{"line":112,"column":57},"end":{"line":112,"column":60}},{"start":{"line":112,"column":57},"end":{"line":112,"column":60}}]},"7":{"loc":{"start":{"line":112,"column":45},"end":{"line":112,"column":57}},"type":"binary-expr","locations":[{"start":{"line":112,"column":45},"end":{"line":112,"column":60}},{"start":{"line":112,"column":45},"end":{"line":112,"column":57}}]}},"s":{"0":0,"1":0,"2":0,"3":0,"4":0,"5":0,"6":0,"7":0,"8":0,"9":0,"10":0,"11":0,"12":0,"13":0,"14":0,"15":0,"16":0,"17":0,"18":0,"19":0,"20":0,"21":0,"22":0,"23":0,"24":0,"25":0,"26":0,"27":0,"28":0,"29":0},"f":{"0":0,"1":0,"2":0,"3":0,"4":0,"5":0,"6":0},"b":{"0":[0],"1":[0],"2":[0,0],"3":[0,0],"4":[0,0],"5":[0,0],"6":[0,0],"7":[0,0]}}
,"C:\\Users\\HP\\Desktop\\Development\\microservice\\distributed-notification-system\\user-service\\src\\users\\users.module.ts": {"path":"C:\\Users\\HP\\Desktop\\Development\\microservice\\distributed-notification-system\\user-service\\src\\users\\users.module.ts","statementMap":{"0":{"start":{"line":1,"column":0},"end":{"line":1,"column":40}},"1":{"start":{"line":2,"column":0},"end":{"line":2,"column":48}},"2":{"start":{"line":3,"column":0},"end":{"line":3,"column":47}},"3":{"start":{"line":4,"column":0},"end":{"line":4,"column":53}},"4":{"start":{"line":5,"column":0},"end":{"line":5,"column":46}},"5":{"start":{"line":13,"column":7},"end":{"line":13,"column":null}},"6":{"start":{"line":13,"column":13},"end":{"line":13,"column":24}},"7":{"start":{"line":13,"column":13},"end":{"line":13,"column":null}}},"fnMap":{},"branchMap":{},"s":{"0":0,"1":0,"2":0,"3":0,"4":0,"5":0,"6":0,"7":0},"f":{},"b":{}}
,"C:\\Users\\HP\\Desktop\\Development\\microservice\\distributed-notification-system\\user-service\\src\\users\\users.service.ts": {"path":"C:\\Users\\HP\\Desktop\\Development\\microservice\\distributed-notification-system\\user-service\\src\\users\\users.service.ts","statementMap":{"0":{"start":{"line":1,"column":0},"end":{"line":1,"column":null}},"1":{"start":{"line":7,"column":0},"end":{"line":7,"column":51}},"2":{"start":{"line":8,"column":0},"end":{"line":8,"column":37}},"3":{"start":{"line":9,"column":0},"end":{"line":9,"column":46}},"4":{"start":{"line":12,"column":0},"end":{"line":12,"column":33}},"5":{"start":{"line":13,"column":0},"end":{"line":13,"column":54}},"6":{"start":{"line":17,"column":7},"end":{"line":132,"column":null}},"7":{"start":{"line":20,"column":12},"end":{"line":20,"column":29}},"8":{"start":{"line":22,"column":12},"end":{"line":22,"column":31}},"9":{"start":{"line":26,"column":25},"end":{"line":28,"column":6}},"10":{"start":{"line":30,"column":4},"end":{"line":32,"column":5}},"11":{"start":{"line":31,"column":6},"end":{"line":31,"column":73}},"12":{"start":{"line":34,"column":27},"end":{"line":34,"column":72}},"13":{"start":{"line":36,"column":17},"end":{"line":39,"column":6}},"14":{"start":{"line":41,"column":22},"end":{"line":41,"column":59}},"15":{"start":{"line":42,"column":4},"end":{"line":42,"column":73}},"16":{"start":{"line":44,"column":4},"end":{"line":44,"column":21}},"17":{"start":{"line":48,"column":27},"end":{"line":59,"column":6}},"18":{"start":{"line":61,"column":4},"end":{"line":71,"column":6}},"19":{"start":{"line":75,"column":17},"end":{"line":85,"column":6}},"20":{"start":{"line":87,"column":4},"end":{"line":89,"column":5}},"21":{"start":{"line":88,"column":6},"end":{"line":88,"column":52}},"22":{"start":{"line":91,"column":4},"end":{"line":91,"column":16}},"23":{"start":{"line":95,"column":4},"end":{"line":95,"column":62}},"24":{"start":{"line":99,"column":17},"end":{"line":99,"column":39}},"25":{"start":{"line":100,"column":4},"end":{"line":100,"column":39}},"26":{"start":{"line":101,"column":24},"end":{"line":101,"column":61}},"27":{"start":{"line":103,"column":4},"end":{"line":105,"column":5}},"28":{"start":{"line":104,"column":6},"end":{"line":104,"column":67}},"29":{"start":{"line":107,"column":4},"end":{"line":107,"column":23}},"30":{"start":{"line":111,"column":17},"end":{"line":111,"column":39}},"31":{"start":{"line":112,"column":4},"end":{"line":112,"column":44}},"32":{"start":{"line":113,"column":4},"end":{"line":113,"column":58}},"33":{"start":{"line":117,"column":19},"end":{"line":117,"column":76}},"34":{"start":{"line":118,"column":4},"end":{"line":118,"column":30}},"35":{"start":{"line":118,"column":16},"end":{"line":118,"column":30}},"36":{"start":{"line":120,"column":17},"end":{"line":120,"column":43}},"37":{"start":{"line":121,"column":4},"end":{"line":121,"column":62}},"38":{"start":{"line":122,"column":4},"end":{"line":122,"column":28}},"39":{"start":{"line":126,"column":4},"end":{"line":130,"column":6}},"40":{"start":{"line":17,"column":13},"end":{"line":17,"column":25}},"41":{"start":{"line":17,"column":13},"end":{"line":132,"column":null}}},"fnMap":{"0":{"name":"(anonymous_13)","decl":{"start":{"line":18,"column":2},"end":{"line":18,"column":null}},"loc":{"start":{"line":22,"column":31},"end":{"line":23,"column":6}}},"1":{"name":"(anonymous_14)","decl":{"start":{"line":25,"column":2},"end":{"line":25,"column":7}},"loc":{"start":{"line":25,"column":43},"end":{"line":45,"column":3}}},"2":{"name":"(anonymous_15)","decl":{"start":{"line":47,"column":2},"end":{"line":47,"column":7}},"loc":{"start":{"line":47,"column":52},"end":{"line":72,"column":3}}},"3":{"name":"(anonymous_16)","decl":{"start":{"line":74,"column":2},"end":{"line":74,"column":7}},"loc":{"start":{"line":74,"column":26},"end":{"line":92,"column":3}}},"4":{"name":"(anonymous_17)","decl":{"start":{"line":94,"column":2},"end":{"line":94,"column":7}},"loc":{"start":{"line":94,"column":33},"end":{"line":96,"column":3}}},"5":{"name":"(anonymous_18)","decl":{"start":{"line":98,"column":2},"end":{"line":98,"column":7}},"loc":{"start":{"line":98,"column":55},"end":{"line":108,"column":3}}},"6":{"name":"(anonymous_19)","decl":{"start":{"line":110,"column":2},"end":{"line":110,"column":7}},"loc":{"start":{"line":110,"column":25},"end":{"line":114,"column":3}}},"7":{"name":"(anonymous_20)","decl":{"start":{"line":116,"column":2},"end":{"line":116,"column":7}},"loc":{"start":{"line":116,"column":41},"end":{"line":123,"column":3}}},"8":{"name":"(anonymous_21)","decl":{"start":{"line":125,"column":10},"end":{"line":125,"column":15}},"loc":{"start":{"line":125,"column":69},"end":{"line":131,"column":3}}}},"branchMap":{"0":{"loc":{"start":{"line":30,"column":4},"end":{"line":32,"column":5}},"type":"if","locations":[{"start":{"line":30,"column":4},"end":{"line":32,"column":5}},{"start":{},"end":{}}]},"1":{"loc":{"start":{"line":47,"column":16},"end":{"line":47,"column":32}},"type":"default-arg","locations":[{"start":{"line":47,"column":31},"end":{"line":47,"column":32}}]},"2":{"loc":{"start":{"line":47,"column":34},"end":{"line":47,"column":52}},"type":"default-arg","locations":[{"start":{"line":47,"column":50},"end":{"line":47,"column":52}}]},"3":{"loc":{"start":{"line":87,"column":4},"end":{"line":89,"column":5}},"type":"if","locations":[{"start":{"line":87,"column":4},"end":{"line":89,"column":5}},{"start":{},"end":{}}]},"4":{"loc":{"start":{"line":103,"column":4},"end":{"line":105,"column":5}},"type":"if","locations":[{"start":{"line":103,"column":4},"end":{"line":105,"column":5}},{"start":{},"end":{}}]},"5":{"loc":{"start":{"line":118,"column":4},"end":{"line":118,"column":30}},"type":"if","locations":[{"start":{"line":118,"column":4},"end":{"line":118,"column":30}},{"start":{},"end":{}}]},"6":{"loc":{"start":{"line":20,"column":29},"end":{"line":20,"column":45}},"type":"cond-expr","locations":[{"start":{"line":20,"column":39},"end":{"line":20,"column":45}},{"start":{"line":20,"column":39},"end":{"line":20,"column":45}}]},"7":{"loc":{"start":{"line":20,"column":29},"end":{"line":20,"column":39}},"type":"binary-expr","locations":[{"start":{"line":20,"column":29},"end":{"line":20,"column":45}},{"start":{"line":20,"column":29},"end":{"line":20,"column":39}}]}},"s":{"0":1,"1":1,"2":1,"3":1,"4":1,"5":1,"6":1,"7":10,"8":10,"9":2,"10":2,"11":1,"12":1,"13":1,"14":1,"15":1,"16":1,"17":1,"18":1,"19":5,"20":5,"21":1,"22":4,"23":0,"24":1,"25":1,"26":1,"27":1,"28":0,"29":1,"30":1,"31":1,"32":1,"33":2,"34":2,"35":1,"36":1,"37":1,"38":1,"39":2,"40":1,"41":1},"f":{"0":10,"1":2,"2":1,"3":5,"4":0,"5":1,"6":1,"7":2,"8":2},"b":{"0":[1,1],"1":[0],"2":[0],"3":[1,4],"4":[0,1],"5":[1,1],"6":[1,0],"7":[1,1]}}
,"C:\\Users\\HP\\Desktop\\Development\\microservice\\distributed-notification-system\\user-service\\src\\users\\dto\\create-user.dto.ts": {"path":"C:\\Users\\HP\\Desktop\\Development\\microservice\\distributed-notification-system\\user-service\\src\\users\\dto\\create-user.dto.ts","statementMap":{"0":{"start":{"line":1,"column":0},"end":{"line":1,"column":null}},"1":{"start":{"line":10,"column":0},"end":{"line":10,"column":41}},"2":{"start":{"line":14,"column":2},"end":{"line":14,"column":null}},"3":{"start":{"line":17,"column":2},"end":{"line":17,"column":null}},"4":{"start":{"line":20,"column":0},"end":{"line":20,"column":13}},"5":{"start":{"line":23,"column":2},"end":{"line":23,"column":null}},"6":{"start":{"line":27,"column":2},"end":{"line":27,"column":null}},"7":{"start":{"line":31,"column":2},"end":{"line":31,"column":null}},"8":{"start":{"line":35,"column":2},"end":{"line":35,"column":null}},"9":{"start":{"line":34,"column":14},"end":{"line":34,"column":31}},"10":{"start":{"line":39,"column":2},"end":{"line":39,"column":null}}},"fnMap":{"0":{"name":"(anonymous_2)","decl":{"start":{"line":34,"column":8},"end":{"line":34,"column":11}},"loc":{"start":{"line":34,"column":14},"end":{"line":34,"column":31}}}},"branchMap":{},"s":{"0":0,"1":0,"2":0,"3":0,"4":0,"5":0,"6":0,"7":0,"8":0,"9":0,"10":0},"f":{"0":0},"b":{}}
,"C:\\Users\\HP\\Desktop\\Development\\microservice\\distributed-notification-system\\user-service\\src\\users\\dto\\update-user.dto.ts": {"path":"C:\\Users\\HP\\Desktop\\Development\\microservice\\distributed-notification-system\\user-service\\src\\users\\dto\\update-user.dto.ts","statementMap":{"0":{"start":{"line":1,"column":0},"end":{"line":1,"column":61}},"1":{"start":{"line":2,"column":0},"end":{"line":2,"column":50}},"2":{"start":{"line":4,"column":0},"end":{"line":4,"column":13}}},"fnMap":{},"branchMap":{},"s":{"0":0,"1":0,"2":0},"f":{},"b":{}}
,"C:\\Users\\HP\\Desktop\\Development\\microservice\\distributed-notification-system\\user-service\\src\\users\\entities\\user.entity.ts": {"path":"C:\\Users\\HP\\Desktop\\Development\\microservice\\distributed-notification-system\\user-service\\src\\users\\entities\\user.entity.ts","statementMap":{"0":{"start":{"line":1,"column":0},"end":{"line":1,"column":null}},"1":{"start":{"line":10,"column":7},"end":{"line":37,"column":null}},"2":{"start":{"line":10,"column":13},"end":{"line":10,"column":17}},"3":{"start":{"line":12,"column":2},"end":{"line":12,"column":null}},"4":{"start":{"line":15,"column":2},"end":{"line":15,"column":null}},"5":{"start":{"line":18,"column":2},"end":{"line":18,"column":null}},"6":{"start":{"line":21,"column":2},"end":{"line":21,"column":null}},"7":{"start":{"line":24,"column":2},"end":{"line":24,"column":null}},"8":{"start":{"line":27,"column":2},"end":{"line":30,"column":null}},"9":{"start":{"line":33,"column":2},"end":{"line":33,"column":null}},"10":{"start":{"line":36,"column":2},"end":{"line":36,"column":null}},"11":{"start":{"line":10,"column":13},"end":{"line":37,"column":null}}},"fnMap":{},"branchMap":{"0":{"loc":{"start":{"line":33,"column":14},"end":{"line":33,"column":19}},"type":"cond-expr","locations":[{"start":{"line":33,"column":18},"end":{"line":33,"column":19}},{"start":{"line":33,"column":18},"end":{"line":33,"column":19}}]},"1":{"loc":{"start":{"line":33,"column":14},"end":{"line":33,"column":18}},"type":"binary-expr","locations":[{"start":{"line":33,"column":14},"end":{"line":33,"column":19}},{"start":{"line":33,"column":14},"end":{"line":33,"column":18}}]},"2":{"loc":{"start":{"line":36,"column":14},"end":{"line":36,"column":19}},"type":"cond-expr","locations":[{"start":{"line":36,"column":18},"end":{"line":36,"column":19}},{"start":{"line":36,"column":18},"end":{"line":36,"column":19}}]},"3":{"loc":{"start":{"line":36,"column":14},"end":{"line":36,"column":18}},"type":"binary-expr","locations":[{"start":{"line":36,"column":14},"end":{"line":36,"column":19}},{"start":{"line":36,"column":14},"end":{"line":36,"column":18}}]}},"s":{"0":1,"1":1,"2":1,"3":1,"4":1,"5":1,"6":1,"7":1,"8":1,"9":1,"10":1,"11":1},"f":{},"b":{"0":[1,0],"1":[1,1],"2":[1,0],"3":[1,1]}}
}
